D:\Learning\Projects\Learn SignalR\NotificationWithSignalR\Client\dist\out-tsc\app\employee\employee.js
D:\Learning\Projects\Learn SignalR\NotificationWithSignalR\Client\dist\out-tsc\app\employee\employee.js.map
D:\Learning\Projects\Learn SignalR\NotificationWithSignalR\Client\dist\out-tsc\environments\environment.js
D:\Learning\Projects\Learn SignalR\NotificationWithSignalR\Client\dist\out-tsc\environments\environment.js.map
D:\Learning\Projects\Learn SignalR\NotificationWithSignalR\Client\dist\out-tsc\app\employee\employee.service.js
D:\Learning\Projects\Learn SignalR\NotificationWithSignalR\Client\dist\out-tsc\app\employee\employee.service.js.map
D:\Learning\Projects\Learn SignalR\NotificationWithSignalR\Client\dist\out-tsc\app\employee\employee-detail\employee-detail.component.js
D:\Learning\Projects\Learn SignalR\NotificationWithSignalR\Client\dist\out-tsc\app\employee\employee-detail\employee-detail.component.js.map
D:\Learning\Projects\Learn SignalR\NotificationWithSignalR\Client\dist\out-tsc\app\employee\employee-edit\employee-edit.component.js
D:\Learning\Projects\Learn SignalR\NotificationWithSignalR\Client\dist\out-tsc\app\employee\employee-edit\employee-edit.component.js.map
D:\Learning\Projects\Learn SignalR\NotificationWithSignalR\Client\dist\out-tsc\app\employee\employee-list\employee-list.component.js
D:\Learning\Projects\Learn SignalR\NotificationWithSignalR\Client\dist\out-tsc\app\employee\employee-list\employee-list.component.js.map
D:\Learning\Projects\Learn SignalR\NotificationWithSignalR\Client\dist\out-tsc\app\home\home.component.js
D:\Learning\Projects\Learn SignalR\NotificationWithSignalR\Client\dist\out-tsc\app\home\home.component.js.map
D:\Learning\Projects\Learn SignalR\NotificationWithSignalR\Client\dist\out-tsc\app\app-routing.module.js
D:\Learning\Projects\Learn SignalR\NotificationWithSignalR\Client\dist\out-tsc\app\app-routing.module.js.map
D:\Learning\Projects\Learn SignalR\NotificationWithSignalR\Client\dist\out-tsc\app\app.component.js
D:\Learning\Projects\Learn SignalR\NotificationWithSignalR\Client\dist\out-tsc\app\app.component.js.map
D:\Learning\Projects\Learn SignalR\NotificationWithSignalR\Client\dist\out-tsc\app\modal\modal.service.js
D:\Learning\Projects\Learn SignalR\NotificationWithSignalR\Client\dist\out-tsc\app\modal\modal.service.js.map
D:\Learning\Projects\Learn SignalR\NotificationWithSignalR\Client\dist\out-tsc\app\modal\modal.component.js
D:\Learning\Projects\Learn SignalR\NotificationWithSignalR\Client\dist\out-tsc\app\modal\modal.component.js.map
D:\Learning\Projects\Learn SignalR\NotificationWithSignalR\Client\dist\out-tsc\app\notification\notification.js
D:\Learning\Projects\Learn SignalR\NotificationWithSignalR\Client\dist\out-tsc\app\notification\notification.js.map
D:\Learning\Projects\Learn SignalR\NotificationWithSignalR\Client\dist\out-tsc\app\notification\notification.service.js
D:\Learning\Projects\Learn SignalR\NotificationWithSignalR\Client\dist\out-tsc\app\notification\notification.service.js.map
D:\Learning\Projects\Learn SignalR\NotificationWithSignalR\Client\dist\out-tsc\app\nav-menu\nav-menu.component.js
D:\Learning\Projects\Learn SignalR\NotificationWithSignalR\Client\dist\out-tsc\app\nav-menu\nav-menu.component.js.map
D:\Learning\Projects\Learn SignalR\NotificationWithSignalR\Client\dist\out-tsc\app\app.module.js
D:\Learning\Projects\Learn SignalR\NotificationWithSignalR\Client\dist\out-tsc\app\app.module.js.map
D:\Learning\Projects\Learn SignalR\NotificationWithSignalR\Client\dist\out-tsc\main.js
D:\Learning\Projects\Learn SignalR\NotificationWithSignalR\Client\dist\out-tsc\main.js.map
D:\Learning\Projects\Learn SignalR\NotificationWithSignalR\Client\dist\out-tsc\polyfills.js
D:\Learning\Projects\Learn SignalR\NotificationWithSignalR\Client\dist\out-tsc\polyfills.js.map
D:\Learning\Projects\Learn SignalR\NotificationWithSignalR\Client\dist\out-tsc\test.js
D:\Learning\Projects\Learn SignalR\NotificationWithSignalR\Client\dist\out-tsc\test.js.map
D:\Learning\Projects\Learn SignalR\NotificationWithSignalR\Client\dist\out-tsc\app\app.component.spec.js
D:\Learning\Projects\Learn SignalR\NotificationWithSignalR\Client\dist\out-tsc\app\app.component.spec.js.map
D:\Learning\Projects\Learn SignalR\NotificationWithSignalR\Client\dist\out-tsc\app\employee\employee.service.spec.js
D:\Learning\Projects\Learn SignalR\NotificationWithSignalR\Client\dist\out-tsc\app\employee\employee.service.spec.js.map
D:\Learning\Projects\Learn SignalR\NotificationWithSignalR\Client\dist\out-tsc\app\employee\employee.spec.js
D:\Learning\Projects\Learn SignalR\NotificationWithSignalR\Client\dist\out-tsc\app\employee\employee.spec.js.map
D:\Learning\Projects\Learn SignalR\NotificationWithSignalR\Client\dist\out-tsc\app\employee\employee-detail\employee-detail.component.spec.js
D:\Learning\Projects\Learn SignalR\NotificationWithSignalR\Client\dist\out-tsc\app\employee\employee-detail\employee-detail.component.spec.js.map
D:\Learning\Projects\Learn SignalR\NotificationWithSignalR\Client\dist\out-tsc\app\employee\employee-edit\employee-edit.component.spec.js
D:\Learning\Projects\Learn SignalR\NotificationWithSignalR\Client\dist\out-tsc\app\employee\employee-edit\employee-edit.component.spec.js.map
D:\Learning\Projects\Learn SignalR\NotificationWithSignalR\Client\dist\out-tsc\app\employee\employee-list\employee-list.component.spec.js
D:\Learning\Projects\Learn SignalR\NotificationWithSignalR\Client\dist\out-tsc\app\employee\employee-list\employee-list.component.spec.js.map
D:\Learning\Projects\Learn SignalR\NotificationWithSignalR\Client\dist\out-tsc\app\home\home.component.spec.js
D:\Learning\Projects\Learn SignalR\NotificationWithSignalR\Client\dist\out-tsc\app\home\home.component.spec.js.map
D:\Learning\Projects\Learn SignalR\NotificationWithSignalR\Client\dist\out-tsc\app\modal\modal.component.spec.js
D:\Learning\Projects\Learn SignalR\NotificationWithSignalR\Client\dist\out-tsc\app\modal\modal.component.spec.js.map
D:\Learning\Projects\Learn SignalR\NotificationWithSignalR\Client\dist\out-tsc\app\modal\modal.service.spec.js
D:\Learning\Projects\Learn SignalR\NotificationWithSignalR\Client\dist\out-tsc\app\modal\modal.service.spec.js.map
D:\Learning\Projects\Learn SignalR\NotificationWithSignalR\Client\dist\out-tsc\app\nav-menu\nav-menu.component.spec.js
D:\Learning\Projects\Learn SignalR\NotificationWithSignalR\Client\dist\out-tsc\app\nav-menu\nav-menu.component.spec.js.map
D:\Learning\Projects\Learn SignalR\NotificationWithSignalR\Client\dist\out-tsc\app\notification\notification.service.spec.js
D:\Learning\Projects\Learn SignalR\NotificationWithSignalR\Client\dist\out-tsc\app\notification\notification.service.spec.js.map
D:\Learning\Projects\Learn SignalR\NotificationWithSignalR\Client\dist\out-tsc\app\notification\notification.spec.js
D:\Learning\Projects\Learn SignalR\NotificationWithSignalR\Client\dist\out-tsc\app\notification\notification.spec.js.map
D:\Learning\Projects\Learn SignalR\NotificationWithSignalR\Client\dist\out-tsc\environments\environment.prod.js
D:\Learning\Projects\Learn SignalR\NotificationWithSignalR\Client\dist\out-tsc\environments\environment.prod.js.map
